2018-06-15 09:56:18,427 [main] INFO   connect to mysql, database = foo
2018-06-15 09:56:18,466 [main] INFO   check foo.t1	pass
2018-06-15 09:56:18,480 [main] WARN   check foo.t2	pass, charset is gbk, but it don't have primary key
2018-06-15 09:56:18,503 [main] WARN   check foo.t3	pass, but it don't have primary key
2018-06-15 09:56:18,521 [main] WARN   check foo.t4	pass, but it don't have primary key
2018-06-15 09:56:18,534 [main] WARN   check foo.t5	pass, but it don't have primary key
2018-06-15 09:56:18,557 [main] WARN   check foo.t6	pass, but it don't have primary key
2018-06-15 09:56:18,579 [main] WARN   check foo.test	pass, but it don't have primary key
2018-06-15 09:57:21,017 [main] INFO   connect to mysql, database = foo
2018-06-15 09:57:21,049 [main] INFO   check foo.t1	pass
2018-06-15 09:57:21,064 [main] WARN   check foo.t2	pass, charset is gbk, but it don't have primary key
2018-06-15 09:57:21,080 [main] WARN   check foo.t3	pass, but it don't have primary key
2018-06-15 09:57:21,092 [main] WARN   check foo.t4	pass, but it don't have primary key
2018-06-15 09:57:21,103 [main] WARN   check foo.t5	pass, but it don't have primary key
2018-06-15 09:57:21,117 [main] WARN   check foo.t6	pass, but it don't have primary key
2018-06-15 09:57:21,130 [main] WARN   check foo.test	pass, but it don't have primary key
2018-06-15 09:57:46,999 [main] INFO   connect to mysql, database = foo
2018-06-15 09:57:47,025 [main] INFO   check foo.t1	pass
2018-06-15 09:57:47,036 [main] WARN   check foo.t2	pass, charset is gbk, but it don't have primary key
2018-06-15 09:57:47,053 [main] WARN   check foo.t3	pass, but it don't have primary key
2018-06-15 09:57:47,065 [main] WARN   check foo.t4	pass, but it don't have primary key
2018-06-15 09:57:47,080 [main] WARN   check foo.t5	pass, but it don't have primary key
2018-06-15 09:57:47,094 [main] WARN   check foo.t6	pass, but it don't have primary key
2018-06-15 09:57:47,105 [main] WARN   check foo.test	pass, but it don't have primary key
