2018-05-10 14:43:17,650 [Thread-0] INFO   
****************************************************
* Batch Id: [1] ,count : [4] , memsize : [163] , Time : 2018-05-10 14:43:17
* Start : [replicalog.000011:23066:1525853453000(2018-05-09 16:10:53)] 
* End : [replicalog.000011:23476:1525856926000(2018-05-09 17:08:46)] 
****************************************************

2018-05-10 14:43:17,664 [Thread-0] INFO   
----------------> binlog[replicalog.000011:23434] , name[foo,t1] , eventType : INSERT , executeTime : 1525856926000 , delay : 77671651ms

2018-05-10 14:44:15,335 [Thread-0] INFO   
****************************************************
* Batch Id: [2] ,count : [3] , memsize : [136] , Time : 2018-05-10 14:44:15
* Start : [replicalog.000013:107:1525934655000(2018-05-10 14:44:15)] 
* End : [replicalog.000013:259:1525934655000(2018-05-10 14:44:15)] 
****************************************************

2018-05-10 14:44:15,335 [Thread-0] INFO   
----------------> binlog[replicalog.000013:217] , name[foo,t1] , eventType : INSERT , executeTime : 1525934655000 , delay : 335ms

2018-05-10 14:45:09,584 [Thread-0] INFO   
****************************************************
* Batch Id: [3] ,count : [3] , memsize : [136] , Time : 2018-05-10 14:45:09
* Start : [replicalog.000013:286:1525934709000(2018-05-10 14:45:09)] 
* End : [replicalog.000013:438:1525934709000(2018-05-10 14:45:09)] 
****************************************************

2018-05-10 14:45:09,585 [Thread-0] INFO   
----------------> binlog[replicalog.000013:396] , name[foo,t1] , eventType : INSERT , executeTime : 1525934709000 , delay : 584ms

2018-05-10 14:47:04,935 [Thread-1] INFO   ## stop the canal client
2018-05-10 14:47:04,961 [Thread-1] INFO   ## canal client is down.
